<?xml version="1.0" encoding="UTF-8"?>
<!-- Generated by org.testng.reporters.JUnitXMLReporter -->
<testsuite hostname="E0446840" ignored="0" name="Tes1" tests="22" failures="4" timestamp="11 Jun 2020 17:35:27 GMT" time="59.725" errors="0">
  <testcase name="AppConfig" time="3.394" classname="RestAssuredDemo.RestAssuredDemo.MVA10APIs_Suite"/>
  <testcase name="HanSolo" time="1.323" classname="RestAssuredDemo.RestAssuredDemo.MVA10APIs_Suite"/>
  <testcase name="SoftToken" time="14.754" classname="RestAssuredDemo.RestAssuredDemo.MVA10APIs_Suite"/>
  <testcase name="Segment" time="2.16" classname="RestAssuredDemo.RestAssuredDemo.MVA10APIs_Suite"/>
  <testcase name="SubsConfigWithoutSegment" time="1.653" classname="RestAssuredDemo.RestAssuredDemo.MVA10APIs_Suite"/>
  <testcase name="Dashboard" time="0.0" classname="RestAssuredDemo.RestAssuredDemo.MVA10APIs_Suite">
    <failure type="org.testng.TestNGException" message="
Cannot inject @Test annotated Method [Dashboard] with [class java.lang.String, class java.lang.String, class java.lang.String].
For more information on native dependency injection please refer to http://testng.org/doc/documentation-main.html#native-dependency-injection">
      <![CDATA[org.testng.TestNGException: 
Cannot inject @Test annotated Method [Dashboard] with [class java.lang.String, class java.lang.String, class java.lang.String].
For more information on native dependency injection please refer to http://testng.org/doc/documentation-main.html#native-dependency-injection
... Removed 24 stack frames]]>
    </failure>
  </testcase> <!-- Dashboard -->
  <testcase name="SubsConfigWithSegment" time="0.724" classname="RestAssuredDemo.RestAssuredDemo.MVA10APIs_Suite"/>
  <testcase name="VeryMe" time="1.647" classname="RestAssuredDemo.RestAssuredDemo.MVA10APIs_Suite">
    <failure type="java.lang.AssertionError" message="1 expectation failed.
Expected status code &amp;lt;200&amp;gt; but was &amp;lt;401&amp;gt;.
">
      <![CDATA[java.lang.AssertionError: 1 expectation failed.
Expected status code <200> but was <401>.

at org.codehaus.groovy.runtime.callsite.ConstructorSite$ConstructorSiteNoUnwrap.callConstructor(ConstructorSite.java:84)
at org.codehaus.groovy.runtime.callsite.CallSiteArray.defaultCallConstructor(CallSiteArray.java:59)
at org.codehaus.groovy.runtime.callsite.AbstractCallSite.callConstructor(AbstractCallSite.java:263)
at org.codehaus.groovy.runtime.callsite.AbstractCallSite.callConstructor(AbstractCallSite.java:277)
at io.restassured.internal.ResponseSpecificationImpl$HamcrestAssertionClosure.validate(ResponseSpecificationImpl.groovy:493)
at io.restassured.internal.ResponseSpecificationImpl$HamcrestAssertionClosure$validate$1.call(Unknown Source)
at io.restassured.internal.ResponseSpecificationImpl.validateResponseIfRequired(ResponseSpecificationImpl.groovy:674)
at org.codehaus.groovy.runtime.callsite.PlainObjectMetaMethodSite.doInvoke(PlainObjectMetaMethodSite.java:43)
at org.codehaus.groovy.runtime.callsite.PogoMetaMethodSite$PogoCachedMethodSiteNoUnwrapNoCoerce.invoke(PogoMetaMethodSite.java:193)
at org.codehaus.groovy.runtime.callsite.PogoMetaMethodSite.callCurrent(PogoMetaMethodSite.java:61)
at org.codehaus.groovy.runtime.callsite.AbstractCallSite.callCurrent(AbstractCallSite.java:185)
at io.restassured.internal.ResponseSpecificationImpl.statusCode(ResponseSpecificationImpl.groovy:126)
at io.restassured.specification.ResponseSpecification$statusCode$0.callCurrent(Unknown Source)
at io.restassured.internal.ResponseSpecificationImpl.statusCode(ResponseSpecificationImpl.groovy:134)
at io.restassured.internal.ValidatableResponseOptionsImpl.statusCode(ValidatableResponseOptionsImpl.java:89)
at io.restassured.internal.ValidatableResponseImpl.super$2$statusCode(ValidatableResponseImpl.groovy)
at groovy.lang.MetaMethod.doMethodInvoke(MetaMethod.java:323)
at groovy.lang.MetaClassImpl.invokeMethod(MetaClassImpl.java:1262)
at org.codehaus.groovy.runtime.ScriptBytecodeAdapter.invokeMethodOnSuperN(ScriptBytecodeAdapter.java:144)
at io.restassured.internal.ValidatableResponseImpl.statusCode(ValidatableResponseImpl.groovy:142)
at io.restassured.internal.ValidatableResponseImpl.statusCode(ValidatableResponseImpl.groovy)
at RestAssuredDemo.RestAssuredDemo.MVA10APIs_Suite.VeryMe(MVA10APIs_Suite.java:256)
... Removed 40 stack frames]]>
    </failure>
  </testcase> <!-- VeryMe -->
  <testcase name="Discover" time="8.844" classname="RestAssuredDemo.RestAssuredDemo.MVA10APIs_Suite">
    <failure type="java.lang.AssertionError" message="1 expectation failed.
Expected status code &amp;lt;200&amp;gt; but was &amp;lt;500&amp;gt;.
">
      <![CDATA[java.lang.AssertionError: 1 expectation failed.
Expected status code <200> but was <500>.

at org.codehaus.groovy.runtime.callsite.ConstructorSite$ConstructorSiteNoUnwrap.callConstructor(ConstructorSite.java:84)
at org.codehaus.groovy.runtime.callsite.AbstractCallSite.callConstructor(AbstractCallSite.java:277)
at io.restassured.internal.ResponseSpecificationImpl$HamcrestAssertionClosure.validate(ResponseSpecificationImpl.groovy:493)
at io.restassured.internal.ResponseSpecificationImpl$HamcrestAssertionClosure$validate$1.call(Unknown Source)
at io.restassured.internal.ResponseSpecificationImpl.validateResponseIfRequired(ResponseSpecificationImpl.groovy:674)
at org.codehaus.groovy.runtime.callsite.PlainObjectMetaMethodSite.doInvoke(PlainObjectMetaMethodSite.java:43)
at org.codehaus.groovy.runtime.callsite.PogoMetaMethodSite$PogoCachedMethodSiteNoUnwrapNoCoerce.invoke(PogoMetaMethodSite.java:193)
at org.codehaus.groovy.runtime.callsite.PogoMetaMethodSite.callCurrent(PogoMetaMethodSite.java:61)
at org.codehaus.groovy.runtime.callsite.AbstractCallSite.callCurrent(AbstractCallSite.java:185)
at io.restassured.internal.ResponseSpecificationImpl.statusCode(ResponseSpecificationImpl.groovy:126)
at io.restassured.specification.ResponseSpecification$statusCode$0.callCurrent(Unknown Source)
at io.restassured.internal.ResponseSpecificationImpl.statusCode(ResponseSpecificationImpl.groovy:134)
at io.restassured.internal.ValidatableResponseOptionsImpl.statusCode(ValidatableResponseOptionsImpl.java:89)
at io.restassured.internal.ValidatableResponseImpl.super$2$statusCode(ValidatableResponseImpl.groovy)
at groovy.lang.MetaMethod.doMethodInvoke(MetaMethod.java:323)
at groovy.lang.MetaClassImpl.invokeMethod(MetaClassImpl.java:1262)
at org.codehaus.groovy.runtime.ScriptBytecodeAdapter.invokeMethodOnSuperN(ScriptBytecodeAdapter.java:144)
at io.restassured.internal.ValidatableResponseImpl.statusCode(ValidatableResponseImpl.groovy:142)
at io.restassured.internal.ValidatableResponseImpl.statusCode(ValidatableResponseImpl.groovy)
at RestAssuredDemo.RestAssuredDemo.MVA10APIs_Suite.Discover(MVA10APIs_Suite.java:277)
... Removed 40 stack frames]]>
    </failure>
  </testcase> <!-- Discover -->
  <testcase name="ProductsAndServices" time="3.336" classname="RestAssuredDemo.RestAssuredDemo.MVA10APIs_Suite"/>
  <testcase name="BillHistory" time="0.784" classname="RestAssuredDemo.RestAssuredDemo.MVA10APIs_Suite">
    <failure type="java.lang.AssertionError" message="1 expectation failed.
Expected status code &amp;lt;200&amp;gt; but was &amp;lt;500&amp;gt;.
">
      <![CDATA[java.lang.AssertionError: 1 expectation failed.
Expected status code <200> but was <500>.

at org.codehaus.groovy.runtime.callsite.ConstructorSite$ConstructorSiteNoUnwrap.callConstructor(ConstructorSite.java:84)
at org.codehaus.groovy.runtime.callsite.AbstractCallSite.callConstructor(AbstractCallSite.java:277)
at io.restassured.internal.ResponseSpecificationImpl$HamcrestAssertionClosure.validate(ResponseSpecificationImpl.groovy:493)
at io.restassured.internal.ResponseSpecificationImpl$HamcrestAssertionClosure$validate$1.call(Unknown Source)
at io.restassured.internal.ResponseSpecificationImpl.validateResponseIfRequired(ResponseSpecificationImpl.groovy:674)
at org.codehaus.groovy.runtime.callsite.PlainObjectMetaMethodSite.doInvoke(PlainObjectMetaMethodSite.java:43)
at org.codehaus.groovy.runtime.callsite.PogoMetaMethodSite$PogoCachedMethodSiteNoUnwrapNoCoerce.invoke(PogoMetaMethodSite.java:193)
at org.codehaus.groovy.runtime.callsite.PogoMetaMethodSite.callCurrent(PogoMetaMethodSite.java:61)
at org.codehaus.groovy.runtime.callsite.AbstractCallSite.callCurrent(AbstractCallSite.java:185)
at io.restassured.internal.ResponseSpecificationImpl.statusCode(ResponseSpecificationImpl.groovy:126)
at io.restassured.specification.ResponseSpecification$statusCode$0.callCurrent(Unknown Source)
at io.restassured.internal.ResponseSpecificationImpl.statusCode(ResponseSpecificationImpl.groovy:134)
at io.restassured.internal.ValidatableResponseOptionsImpl.statusCode(ValidatableResponseOptionsImpl.java:89)
at io.restassured.internal.ValidatableResponseImpl.super$2$statusCode(ValidatableResponseImpl.groovy)
at groovy.lang.MetaMethod.doMethodInvoke(MetaMethod.java:323)
at groovy.lang.MetaClassImpl.invokeMethod(MetaClassImpl.java:1262)
at org.codehaus.groovy.runtime.ScriptBytecodeAdapter.invokeMethodOnSuperN(ScriptBytecodeAdapter.java:144)
at io.restassured.internal.ValidatableResponseImpl.statusCode(ValidatableResponseImpl.groovy:142)
at io.restassured.internal.ValidatableResponseImpl.statusCode(ValidatableResponseImpl.groovy)
at RestAssuredDemo.RestAssuredDemo.MVA10APIs_Suite.BillHistory(MVA10APIs_Suite.java:319)
... Removed 40 stack frames]]>
    </failure>
  </testcase> <!-- BillHistory -->
  <testcase name="Plan" time="2.08" classname="RestAssuredDemo.RestAssuredDemo.MVA10APIs_Suite"/>
  <testcase name="Usages" time="0.713" classname="RestAssuredDemo.RestAssuredDemo.MVA10APIs_Suite"/>
  <testcase name="Extras" time="0.73" classname="RestAssuredDemo.RestAssuredDemo.MVA10APIs_Suite"/>
  <testcase name="CurrentCharges" time="0.883" classname="RestAssuredDemo.RestAssuredDemo.MVA10APIs_Suite"/>
  <testcase name="AdditionalCharges" time="2.718" classname="RestAssuredDemo.RestAssuredDemo.MVA10APIs_Suite"/>
  <testcase name="Upgrades" time="1.897" classname="RestAssuredDemo.RestAssuredDemo.MVA10APIs_Suite"/>
  <testcase name="VOV" time="0.805" classname="RestAssuredDemo.RestAssuredDemo.MVA10APIs_Suite"/>
  <testcase name="PasswordLogin" time="6.629" classname="RestAssuredDemo.RestAssuredDemo.MVA10APIs_Suite"/>
  <testcase name="GetAccounts" time="1.162" classname="RestAssuredDemo.RestAssuredDemo.MVA10APIs_Suite"/>
  <testcase name="GetSubscriptionsList" time="1.138" classname="RestAssuredDemo.RestAssuredDemo.MVA10APIs_Suite"/>
  <testcase name="SubscriptionSwitch" time="1.234" classname="RestAssuredDemo.RestAssuredDemo.MVA10APIs_Suite"/>
</testsuite> <!-- Tes1 -->
