<?xml version="1.0" encoding="UTF-8"?>
<!-- Generated by org.testng.reporters.JUnitXMLReporter -->
<testsuite hostname="E0446840" ignored="0" name="Test" tests="20" failures="2" timestamp="20 May 2020 16:15:18 GMT" time="58.046" errors="0">
  <testcase name="AppConfig" time="2.598" classname="RestAssuredDemo.RestAssuredDemo.ValidateMVA10APIs"/>
  <testcase name="HanSolo" time="1.298" classname="RestAssuredDemo.RestAssuredDemo.ValidateMVA10APIs"/>
  <testcase name="SoftToken" time="5.305" classname="RestAssuredDemo.RestAssuredDemo.ValidateMVA10APIs"/>
  <testcase name="Segment" time="0.799" classname="RestAssuredDemo.RestAssuredDemo.ValidateMVA10APIs"/>
  <testcase name="SubsConfigWithoutSegment" time="0.743" classname="RestAssuredDemo.RestAssuredDemo.ValidateMVA10APIs"/>
  <testcase name="Dashboard" time="3.012" classname="RestAssuredDemo.RestAssuredDemo.ValidateMVA10APIs"/>
  <testcase name="SubsConfigWithSegment" time="0.709" classname="RestAssuredDemo.RestAssuredDemo.ValidateMVA10APIs"/>
  <testcase name="VeryMe" time="0.902" classname="RestAssuredDemo.RestAssuredDemo.ValidateMVA10APIs">
    <failure type="java.lang.AssertionError" message="1 expectation failed.
Expected status code &amp;lt;200&amp;gt; but was &amp;lt;401&amp;gt;.
">
      <![CDATA[java.lang.AssertionError: 1 expectation failed.
Expected status code <200> but was <401>.

at org.codehaus.groovy.runtime.callsite.ConstructorSite$ConstructorSiteNoUnwrap.callConstructor(ConstructorSite.java:84)
at org.codehaus.groovy.runtime.callsite.CallSiteArray.defaultCallConstructor(CallSiteArray.java:59)
at org.codehaus.groovy.runtime.callsite.AbstractCallSite.callConstructor(AbstractCallSite.java:263)
at org.codehaus.groovy.runtime.callsite.AbstractCallSite.callConstructor(AbstractCallSite.java:277)
at io.restassured.internal.ResponseSpecificationImpl$HamcrestAssertionClosure.validate(ResponseSpecificationImpl.groovy:493)
at io.restassured.internal.ResponseSpecificationImpl$HamcrestAssertionClosure$validate$1.call(Unknown Source)
at io.restassured.internal.ResponseSpecificationImpl.validateResponseIfRequired(ResponseSpecificationImpl.groovy:674)
at org.codehaus.groovy.runtime.callsite.PlainObjectMetaMethodSite.doInvoke(PlainObjectMetaMethodSite.java:43)
at org.codehaus.groovy.runtime.callsite.PogoMetaMethodSite$PogoCachedMethodSiteNoUnwrapNoCoerce.invoke(PogoMetaMethodSite.java:193)
at org.codehaus.groovy.runtime.callsite.PogoMetaMethodSite.callCurrent(PogoMetaMethodSite.java:61)
at org.codehaus.groovy.runtime.callsite.AbstractCallSite.callCurrent(AbstractCallSite.java:185)
at io.restassured.internal.ResponseSpecificationImpl.statusCode(ResponseSpecificationImpl.groovy:126)
at io.restassured.specification.ResponseSpecification$statusCode$0.callCurrent(Unknown Source)
at io.restassured.internal.ResponseSpecificationImpl.statusCode(ResponseSpecificationImpl.groovy:134)
at io.restassured.internal.ValidatableResponseOptionsImpl.statusCode(ValidatableResponseOptionsImpl.java:89)
at io.restassured.internal.ValidatableResponseImpl.super$2$statusCode(ValidatableResponseImpl.groovy)
at groovy.lang.MetaMethod.doMethodInvoke(MetaMethod.java:323)
at groovy.lang.MetaClassImpl.invokeMethod(MetaClassImpl.java:1262)
at org.codehaus.groovy.runtime.ScriptBytecodeAdapter.invokeMethodOnSuperN(ScriptBytecodeAdapter.java:144)
at io.restassured.internal.ValidatableResponseImpl.statusCode(ValidatableResponseImpl.groovy:142)
at io.restassured.internal.ValidatableResponseImpl.statusCode(ValidatableResponseImpl.groovy)
at RestAssuredDemo.RestAssuredDemo.ValidateMVA10APIs.VeryMe(ValidateMVA10APIs.java:179)
... Removed 40 stack frames]]>
    </failure>
  </testcase> <!-- VeryMe -->
  <testcase name="Discover" time="8.79" classname="RestAssuredDemo.RestAssuredDemo.ValidateMVA10APIs">
    <failure type="java.lang.AssertionError" message="1 expectation failed.
Expected status code &amp;lt;200&amp;gt; but was &amp;lt;500&amp;gt;.
">
      <![CDATA[java.lang.AssertionError: 1 expectation failed.
Expected status code <200> but was <500>.

at org.codehaus.groovy.runtime.callsite.ConstructorSite$ConstructorSiteNoUnwrap.callConstructor(ConstructorSite.java:84)
at org.codehaus.groovy.runtime.callsite.AbstractCallSite.callConstructor(AbstractCallSite.java:277)
at io.restassured.internal.ResponseSpecificationImpl$HamcrestAssertionClosure.validate(ResponseSpecificationImpl.groovy:493)
at io.restassured.internal.ResponseSpecificationImpl$HamcrestAssertionClosure$validate$1.call(Unknown Source)
at io.restassured.internal.ResponseSpecificationImpl.validateResponseIfRequired(ResponseSpecificationImpl.groovy:674)
at org.codehaus.groovy.runtime.callsite.PlainObjectMetaMethodSite.doInvoke(PlainObjectMetaMethodSite.java:43)
at org.codehaus.groovy.runtime.callsite.PogoMetaMethodSite$PogoCachedMethodSiteNoUnwrapNoCoerce.invoke(PogoMetaMethodSite.java:193)
at org.codehaus.groovy.runtime.callsite.PogoMetaMethodSite.callCurrent(PogoMetaMethodSite.java:61)
at org.codehaus.groovy.runtime.callsite.AbstractCallSite.callCurrent(AbstractCallSite.java:185)
at io.restassured.internal.ResponseSpecificationImpl.statusCode(ResponseSpecificationImpl.groovy:126)
at io.restassured.specification.ResponseSpecification$statusCode$0.callCurrent(Unknown Source)
at io.restassured.internal.ResponseSpecificationImpl.statusCode(ResponseSpecificationImpl.groovy:134)
at io.restassured.internal.ValidatableResponseOptionsImpl.statusCode(ValidatableResponseOptionsImpl.java:89)
at io.restassured.internal.ValidatableResponseImpl.super$2$statusCode(ValidatableResponseImpl.groovy)
at groovy.lang.MetaMethod.doMethodInvoke(MetaMethod.java:323)
at groovy.lang.MetaClassImpl.invokeMethod(MetaClassImpl.java:1262)
at org.codehaus.groovy.runtime.ScriptBytecodeAdapter.invokeMethodOnSuperN(ScriptBytecodeAdapter.java:144)
at io.restassured.internal.ValidatableResponseImpl.statusCode(ValidatableResponseImpl.groovy:142)
at io.restassured.internal.ValidatableResponseImpl.statusCode(ValidatableResponseImpl.groovy)
at RestAssuredDemo.RestAssuredDemo.ValidateMVA10APIs.Discover(ValidateMVA10APIs.java:196)
... Removed 40 stack frames]]>
    </failure>
  </testcase> <!-- Discover -->
  <testcase name="ProductsAndServices" time="0.821" classname="RestAssuredDemo.RestAssuredDemo.ValidateMVA10APIs"/>
  <testcase name="BillHistory" time="1.456" classname="RestAssuredDemo.RestAssuredDemo.ValidateMVA10APIs"/>
  <testcase name="Plan" time="11.888" classname="RestAssuredDemo.RestAssuredDemo.ValidateMVA10APIs"/>
  <testcase name="Usages" time="0.783" classname="RestAssuredDemo.RestAssuredDemo.ValidateMVA10APIs"/>
  <testcase name="Extras" time="0.791" classname="RestAssuredDemo.RestAssuredDemo.ValidateMVA10APIs"/>
  <testcase name="CurrentCharges" time="0.736" classname="RestAssuredDemo.RestAssuredDemo.ValidateMVA10APIs"/>
  <testcase name="AdditionalCharges" time="4.698" classname="RestAssuredDemo.RestAssuredDemo.ValidateMVA10APIs"/>
  <testcase name="Upgrades" time="2.071" classname="RestAssuredDemo.RestAssuredDemo.ValidateMVA10APIs"/>
  <testcase name="VOV" time="0.955" classname="RestAssuredDemo.RestAssuredDemo.ValidateMVA10APIs"/>
  <testcase name="PasswordLogin" time="7.395" classname="RestAssuredDemo.RestAssuredDemo.ValidateMVA10APIs"/>
  <testcase name="GetAccounts" time="1.207" classname="RestAssuredDemo.RestAssuredDemo.ValidateMVA10APIs"/>
</testsuite> <!-- Test -->
