<?xml version="1.0" encoding="UTF-8"?>
<testng-results skipped="0" failed="1" ignored="0" total="1" passed="0">
  <reporter-output>
  </reporter-output>
  <suite name="testBeforeSuite" duration-ms="1703" started-at="2020-06-16T10:34:33Z" finished-at="2020-06-16T10:34:35Z">
    <groups>
    </groups>
    <test name="Tes1" duration-ms="1703" started-at="2020-06-16T10:34:33Z" finished-at="2020-06-16T10:34:35Z">
      <class name="RestAssuredDemo.RestAssuredDemo.MVA10APIs_Suite">
        <test-method status="PASS" signature="beforeSuite()[pri:0, instance:RestAssuredDemo.RestAssuredDemo.MVA10APIs_Suite@56f4468b]" name="beforeSuite" is-config="true" duration-ms="72" started-at="2020-06-16T10:34:33Z" finished-at="2020-06-16T10:34:33Z">
          <reporter-output>
          </reporter-output>
        </test-method> <!-- beforeSuite -->
        <test-method status="PASS" signature="beforeMethod(java.lang.reflect.Method)[pri:0, instance:RestAssuredDemo.RestAssuredDemo.MVA10APIs_Suite@56f4468b]" name="beforeMethod" is-config="true" duration-ms="358" started-at="2020-06-16T10:34:33Z" finished-at="2020-06-16T10:34:34Z">
          <params>
            <param index="0">
              <value>
                <![CDATA[public void RestAssuredDemo.RestAssuredDemo.MVA10APIs_Suite.AppConfig()]]>
              </value>
            </param>
          </params>
          <reporter-output>
          </reporter-output>
        </test-method> <!-- beforeMethod -->
        <test-method status="FAIL" signature="AppConfig()[pri:1, instance:RestAssuredDemo.RestAssuredDemo.MVA10APIs_Suite@56f4468b]" name="AppConfig" duration-ms="573" started-at="2020-06-16T10:34:34Z" finished-at="2020-06-16T10:34:34Z">
          <exception class="java.lang.ExceptionInInitializerError">
            <full-stacktrace>
              <![CDATA[java.lang.ExceptionInInitializerError
at org.codehaus.groovy.runtime.InvokerHelper.<clinit>(InvokerHelper.java:88)
at org.codehaus.groovy.runtime.ScriptBytecodeAdapter.createMap(ScriptBytecodeAdapter.java:635)
at io.restassured.internal.ResponseParserRegistrar.<init>(ResponseParserRegistrar.groovy)
at io.restassured.RestAssured.<clinit>(RestAssured.java:347)
at RestAssuredDemo.RestAssuredDemo.MVA10APIs_Suite.AppConfig(MVA10APIs_Suite.java:100)
at sun.reflect.NativeMethodAccessorImpl.invoke0(Native Method)
at sun.reflect.NativeMethodAccessorImpl.invoke(NativeMethodAccessorImpl.java:62)
at sun.reflect.DelegatingMethodAccessorImpl.invoke(DelegatingMethodAccessorImpl.java:43)
at java.lang.reflect.Method.invoke(Method.java:498)
at org.testng.internal.MethodInvocationHelper.invokeMethod(MethodInvocationHelper.java:124)
at org.testng.internal.Invoker.invokeMethod(Invoker.java:583)
at org.testng.internal.Invoker.invokeTestMethod(Invoker.java:719)
at org.testng.internal.Invoker.invokeTestMethods(Invoker.java:989)
at org.testng.internal.TestMethodWorker.invokeTestMethods(TestMethodWorker.java:125)
at org.testng.internal.TestMethodWorker.run(TestMethodWorker.java:109)
at org.testng.TestRunner.privateRun(TestRunner.java:648)
at org.testng.TestRunner.run(TestRunner.java:505)
at org.testng.SuiteRunner.runTest(SuiteRunner.java:455)
at org.testng.SuiteRunner.runSequentially(SuiteRunner.java:450)
at org.testng.SuiteRunner.privateRun(SuiteRunner.java:415)
at org.testng.SuiteRunner.run(SuiteRunner.java:364)
at org.testng.SuiteRunnerWorker.runSuite(SuiteRunnerWorker.java:52)
at org.testng.SuiteRunnerWorker.run(SuiteRunnerWorker.java:84)
at org.testng.TestNG.runSuitesSequentially(TestNG.java:1208)
at org.testng.TestNG.runSuitesLocally(TestNG.java:1137)
at org.testng.TestNG.runSuites(TestNG.java:1049)
at org.testng.TestNG.run(TestNG.java:1017)
at RestAssuredDemo.RestAssuredDemo.RunnableClass.main(RunnableClass.java:18)
Caused by: groovy.lang.GroovyRuntimeException: Conflicting module versions. Module [groovy-xml is loaded in version 3.0.2 and you are trying to load version 2.4.6
at org.codehaus.groovy.runtime.metaclass.MetaClassRegistryImpl$DefaultModuleListener.onModule(MetaClassRegistryImpl.java:510)
at org.codehaus.groovy.runtime.m12n.ExtensionModuleScanner.scanExtensionModuleFromProperties(ExtensionModuleScanner.java:87)
at org.codehaus.groovy.runtime.m12n.ExtensionModuleScanner.scanExtensionModuleFromMetaInf(ExtensionModuleScanner.java:81)
at org.codehaus.groovy.runtime.m12n.ExtensionModuleScanner.scanClasspathModulesFrom(ExtensionModuleScanner.java:63)
at org.codehaus.groovy.runtime.m12n.ExtensionModuleScanner.scanClasspathModules(ExtensionModuleScanner.java:55)
at org.codehaus.groovy.runtime.metaclass.MetaClassRegistryImpl.<init>(MetaClassRegistryImpl.java:125)
at org.codehaus.groovy.runtime.metaclass.MetaClassRegistryImpl.<init>(MetaClassRegistryImpl.java:86)
at groovy.lang.GroovySystem.<clinit>(GroovySystem.java:37)
... 28 more
]]>
            </full-stacktrace>
          </exception> <!-- java.lang.ExceptionInInitializerError -->
          <reporter-output>
          </reporter-output>
        </test-method> <!-- AppConfig -->
        <test-method status="PASS" signature="afterMethod(org.testng.ITestResult)[pri:0, instance:RestAssuredDemo.RestAssuredDemo.MVA10APIs_Suite@56f4468b]" name="afterMethod" is-config="true" duration-ms="721" started-at="2020-06-16T10:34:34Z" finished-at="2020-06-16T10:34:35Z">
          <params>
            <param index="0">
              <value>
                <![CDATA[[TestResult name=AppConfig status=FAILURE method=MVA10APIs_Suite.AppConfig()[pri:1, instance:RestAssuredDemo.RestAssuredDemo.MVA10APIs_Suite@56f4468b] output={null}]]]>
              </value>
            </param>
          </params>
          <reporter-output>
          </reporter-output>
        </test-method> <!-- afterMethod -->
      </class> <!-- RestAssuredDemo.RestAssuredDemo.MVA10APIs_Suite -->
    </test> <!-- Tes1 -->
  </suite> <!-- testBeforeSuite -->
</testng-results>
